==================start==================
Homogeneous background permitivity : 8.854e-12F/m 
Mesh File : mymesh/3box_2.elx
The electrostatic potential of metal objective 1: 0.5V 
The electrostatic potential of metal objective 2: -0.5V 
The electrostatic potential of metal objective 3: 0V 
[Mesh] constructor: Elem_num = 9414, node_num = 4832
The area of metal objective 1: 2.8m^2 
The area of metal objective 2: 2.8m^2 
The area of metal objective 3: 35.9977m^2 
Load the mesh takes 0.10247 seconds
Calculate the rhs vector takes 0.008532 seconds
Calculate the coefficient matrix takes 102.455 seconds
Solve the matrix equation takes 44.2987 seconds
The capacitance matrix:
5.77241e-11  -8.79324e-12  -3.25014e-11  
-8.79329e-12  5.77241e-11  -3.25014e-11  
-3.25018e-11  -3.25018e-11  2.87059e-10  
Post processing takes 0.008623 seconds
Total time: 146.882 seconds
==================finish==================
