==================start==================
Homogeneous background permitivity : 8.854e-12F/m 
Mesh File : mymesh/3box_1.elx
The electrostatic potential of metal objective 1: 0.5V 
The electrostatic potential of metal objective 2: -0.5V 
The electrostatic potential of metal objective 3: 0V 
[Mesh] constructor: Elem_num = 9414, node_num = 4832
The area of metal objective 1: 2.8m^2 
The area of metal objective 2: 2.8m^2 
The area of metal objective 3: 35.9977m^2 
Load the mesh takes 0.098055 seconds
Calculate the rhs vector takes 0.008712 seconds
Calculate the coefficient matrix takes 105.286 seconds
Solve the matrix equation takes 45.0278 seconds
The capacitance matrix:
6.58176e-11  -5.81278e-12  -4.96443e-11  
-5.81281e-12  6.58176e-11  -4.96444e-11  
-4.96449e-11  -4.96449e-11  3.26093e-10  
Post processing takes 0.008879 seconds
Total time: 150.439 seconds
==================finish==================
